2022-11-18 14:39:23,631 [INFO] Activator:177 - 


2022-11-18 14:39:23,632 [INFO] Activator:178 - !SESSION log4j initialized
2022-11-18 14:39:46,195 [ERROR] LogOutputStream:74 - [STDERR_REDIRECT] SLF4J: Failed to load class "org.slf4j.impl.StaticLoggerBinder".
2022-11-18 14:39:46,195 [ERROR] LogOutputStream:74 - [STDERR_REDIRECT] SLF4J: Defaulting to no-operation (NOP) logger implementation
2022-11-18 14:39:46,198 [ERROR] LogOutputStream:74 - [STDERR_REDIRECT] SLF4J: See http://www.slf4j.org/codes.html#StaticLoggerBinder for further details.
2022-11-18 14:41:23,250 [ERROR] LogOutputStream:74 - [STDERR_REDIRECT] org.eclipse.cdt.managedbuilder.core.BuildException: No toolchain option in toolchain configuration cdt.managedbuild.toolchain.gnu.mingw.exe.debug.1500457651: 
2022-11-18 14:41:23,252 [ERROR] LogOutputStream:74 - [STDERR_REDIRECT] 	at com.st.stm32cube.ide.mcu.toolchain.ToolChainHelper.getToolChainId(ToolChainHelper.java:159)
2022-11-18 14:41:23,254 [ERROR] LogOutputStream:74 - [STDERR_REDIRECT] 	at com.st.stm32cube.ide.mcu.toolchain.ToolChainHelper.getToolChainInfo(ToolChainHelper.java:106)
2022-11-18 14:41:23,256 [ERROR] LogOutputStream:74 - [STDERR_REDIRECT] 	at com.st.stm32cube.ide.mcu.toolchain.ui.unmanaged.ToolSettingsTab.createControls(ToolSettingsTab.java:147)
2022-11-18 14:41:23,259 [ERROR] LogOutputStream:74 - [STDERR_REDIRECT] 	at org.eclipse.cdt.ui.newui.AbstractCPropertyTab.createControls(AbstractCPropertyTab.java:139)
2022-11-18 14:41:23,259 [ERROR] LogOutputStream:74 - [STDERR_REDIRECT] 	at org.eclipse.cdt.ui.newui.AbstractPage.loadTab(AbstractPage.java:1189)
2022-11-18 14:41:23,261 [ERROR] LogOutputStream:74 - [STDERR_REDIRECT] 	at org.eclipse.cdt.ui.newui.AbstractPage.loadExtensionsSynchronized(AbstractPage.java:1133)
2022-11-18 14:41:23,262 [ERROR] LogOutputStream:74 - [STDERR_REDIRECT] 	at org.eclipse.cdt.ui.newui.AbstractPage.createWidgets(AbstractPage.java:364)
2022-11-18 14:41:23,264 [ERROR] LogOutputStream:74 - [STDERR_REDIRECT] 	at org.eclipse.cdt.ui.newui.AbstractPage.contentForCDT(AbstractPage.java:350)
2022-11-18 14:41:23,265 [ERROR] LogOutputStream:74 - [STDERR_REDIRECT] 	at org.eclipse.cdt.ui.newui.AbstractPage.createContents(AbstractPage.java:247)
2022-11-18 14:41:23,267 [ERROR] LogOutputStream:74 - [STDERR_REDIRECT] 	at org.eclipse.jface.preference.PreferencePage.createControl(PreferencePage.java:244)
2022-11-18 14:41:23,268 [ERROR] LogOutputStream:74 - [STDERR_REDIRECT] 	at org.eclipse.jface.preference.PreferenceDialog.createPageControl(PreferenceDialog.java:1433)
2022-11-18 14:41:23,270 [ERROR] LogOutputStream:74 - [STDERR_REDIRECT] 	at org.eclipse.jface.preference.PreferenceDialog$8.run(PreferenceDialog.java:1196)
2022-11-18 14:41:23,271 [ERROR] LogOutputStream:74 - [STDERR_REDIRECT] 	at org.eclipse.core.runtime.SafeRunner.run(SafeRunner.java:45)
2022-11-18 14:41:23,272 [ERROR] LogOutputStream:74 - [STDERR_REDIRECT] 	at org.eclipse.jface.util.SafeRunnable.run(SafeRunnable.java:174)
2022-11-18 14:41:23,274 [ERROR] LogOutputStream:74 - [STDERR_REDIRECT] 	at org.eclipse.jface.preference.PreferenceDialog.showPage(PreferenceDialog.java:1188)
2022-11-18 14:41:23,275 [ERROR] LogOutputStream:74 - [STDERR_REDIRECT] 	at org.eclipse.ui.internal.dialogs.FilteredPreferenceDialog.showPage(FilteredPreferenceDialog.java:630)
2022-11-18 14:41:23,277 [ERROR] LogOutputStream:74 - [STDERR_REDIRECT] 	at org.eclipse.jface.preference.PreferenceDialog$5.lambda$0(PreferenceDialog.java:660)
2022-11-18 14:41:23,278 [ERROR] LogOutputStream:74 - [STDERR_REDIRECT] 	at org.eclipse.swt.custom.BusyIndicator.showWhile(BusyIndicator.java:74)
2022-11-18 14:41:23,280 [ERROR] LogOutputStream:74 - [STDERR_REDIRECT] 	at org.eclipse.jface.preference.PreferenceDialog$5.selectionChanged(PreferenceDialog.java:657)
2022-11-18 14:41:23,281 [ERROR] LogOutputStream:74 - [STDERR_REDIRECT] 	at org.eclipse.jface.viewers.StructuredViewer$3.run(StructuredViewer.java:821)
2022-11-18 14:41:23,282 [ERROR] LogOutputStream:74 - [STDERR_REDIRECT] 	at org.eclipse.core.runtime.SafeRunner.run(SafeRunner.java:45)
2022-11-18 14:41:23,283 [ERROR] LogOutputStream:74 - [STDERR_REDIRECT] 	at org.eclipse.jface.util.SafeRunnable.run(SafeRunnable.java:174)
2022-11-18 14:41:23,285 [ERROR] LogOutputStream:74 - [STDERR_REDIRECT] 	at org.eclipse.jface.viewers.StructuredViewer.firePostSelectionChanged(StructuredViewer.java:818)
2022-11-18 14:41:23,287 [ERROR] LogOutputStream:74 - [STDERR_REDIRECT] 	at org.eclipse.jface.viewers.StructuredViewer.handlePostSelect(StructuredViewer.java:1191)
2022-11-18 14:41:23,288 [ERROR] LogOutputStream:74 - [STDERR_REDIRECT] 	at org.eclipse.swt.events.SelectionListener$1.widgetSelected(SelectionListener.java:84)
2022-11-18 14:41:23,290 [ERROR] LogOutputStream:74 - [STDERR_REDIRECT] 	at org.eclipse.jface.util.OpenStrategy.firePostSelectionEvent(OpenStrategy.java:284)
2022-11-18 14:41:23,292 [ERROR] LogOutputStream:74 - [STDERR_REDIRECT] 	at org.eclipse.jface.util.OpenStrategy$1.lambda$1(OpenStrategy.java:438)
2022-11-18 14:41:23,293 [ERROR] LogOutputStream:74 - [STDERR_REDIRECT] 	at org.eclipse.swt.widgets.RunnableLock.run(RunnableLock.java:40)
2022-11-18 14:41:23,295 [ERROR] LogOutputStream:74 - [STDERR_REDIRECT] 	at org.eclipse.swt.widgets.Synchronizer.runAsyncMessages(Synchronizer.java:185)
2022-11-18 14:41:23,296 [ERROR] LogOutputStream:74 - [STDERR_REDIRECT] 	at org.eclipse.swt.widgets.Display.runAsyncMessages(Display.java:4035)
2022-11-18 14:41:23,298 [ERROR] LogOutputStream:74 - [STDERR_REDIRECT] 	at org.eclipse.swt.widgets.Display.readAndDispatch(Display.java:3635)
2022-11-18 14:41:23,299 [ERROR] LogOutputStream:74 - [STDERR_REDIRECT] 	at org.eclipse.jface.window.Window.runEventLoop(Window.java:823)
2022-11-18 14:41:23,300 [ERROR] LogOutputStream:74 - [STDERR_REDIRECT] 	at org.eclipse.jface.window.Window.open(Window.java:799)
2022-11-18 14:41:23,301 [ERROR] LogOutputStream:74 - [STDERR_REDIRECT] 	at org.eclipse.ui.dialogs.PropertyDialogAction.run(PropertyDialogAction.java:153)
2022-11-18 14:41:23,303 [ERROR] LogOutputStream:74 - [STDERR_REDIRECT] 	at org.eclipse.jface.action.Action.runWithEvent(Action.java:474)
2022-11-18 14:41:23,304 [ERROR] LogOutputStream:74 - [STDERR_REDIRECT] 	at org.eclipse.jface.commands.ActionHandler.execute(ActionHandler.java:121)
2022-11-18 14:41:23,305 [ERROR] LogOutputStream:74 - [STDERR_REDIRECT] 	at org.eclipse.ui.internal.handlers.E4HandlerProxy.execute(E4HandlerProxy.java:97)
2022-11-18 14:41:23,307 [ERROR] LogOutputStream:74 - [STDERR_REDIRECT] 	at java.base/jdk.internal.reflect.NativeMethodAccessorImpl.invoke0(Native Method)
2022-11-18 14:41:23,310 [ERROR] LogOutputStream:74 - [STDERR_REDIRECT] 	at java.base/jdk.internal.reflect.NativeMethodAccessorImpl.invoke(NativeMethodAccessorImpl.java:62)
2022-11-18 14:41:23,311 [ERROR] LogOutputStream:74 - [STDERR_REDIRECT] 	at java.base/jdk.internal.reflect.DelegatingMethodAccessorImpl.invoke(DelegatingMethodAccessorImpl.java:43)
2022-11-18 14:41:23,313 [ERROR] LogOutputStream:74 - [STDERR_REDIRECT] 	at java.base/java.lang.reflect.Method.invoke(Method.java:566)
2022-11-18 14:41:23,315 [ERROR] LogOutputStream:74 - [STDERR_REDIRECT] 	at org.eclipse.e4.core.internal.di.MethodRequestor.execute(MethodRequestor.java:58)
2022-11-18 14:41:23,316 [ERROR] LogOutputStream:74 - [STDERR_REDIRECT] 	at org.eclipse.e4.core.internal.di.InjectorImpl.invokeUsingClass(InjectorImpl.java:317)
2022-11-18 14:41:23,317 [ERROR] LogOutputStream:74 - [STDERR_REDIRECT] 	at org.eclipse.e4.core.internal.di.InjectorImpl.invoke(InjectorImpl.java:251)
2022-11-18 14:41:23,319 [ERROR] LogOutputStream:74 - [STDERR_REDIRECT] 	at org.eclipse.e4.core.contexts.ContextInjectionFactory.invoke(ContextInjectionFactory.java:173)
2022-11-18 14:41:23,321 [ERROR] LogOutputStream:74 - [STDERR_REDIRECT] 	at org.eclipse.e4.core.commands.internal.HandlerServiceHandler.execute(HandlerServiceHandler.java:156)
2022-11-18 14:41:23,322 [ERROR] LogOutputStream:74 - [STDERR_REDIRECT] 	at org.eclipse.core.commands.Command.executeWithChecks(Command.java:488)
2022-11-18 14:41:23,324 [ERROR] LogOutputStream:74 - [STDERR_REDIRECT] 	at org.eclipse.core.commands.ParameterizedCommand.executeWithChecks(ParameterizedCommand.java:487)
2022-11-18 14:41:23,325 [ERROR] LogOutputStream:74 - [STDERR_REDIRECT] 	at org.eclipse.e4.core.commands.internal.HandlerServiceImpl.executeHandler(HandlerServiceImpl.java:213)
2022-11-18 14:41:23,327 [ERROR] LogOutputStream:74 - [STDERR_REDIRECT] 	at org.eclipse.ui.internal.handlers.LegacyHandlerService.executeCommand(LegacyHandlerService.java:389)
2022-11-18 14:41:23,329 [ERROR] LogOutputStream:74 - [STDERR_REDIRECT] 	at org.eclipse.ui.menus.CommandContributionItem.handleWidgetSelection(CommandContributionItem.java:785)
2022-11-18 14:41:23,330 [ERROR] LogOutputStream:74 - [STDERR_REDIRECT] 	at org.eclipse.ui.menus.CommandContributionItem.lambda$3(CommandContributionItem.java:762)
2022-11-18 14:41:23,331 [ERROR] LogOutputStream:74 - [STDERR_REDIRECT] 	at org.eclipse.swt.widgets.EventTable.sendEvent(EventTable.java:89)
2022-11-18 14:41:23,339 [ERROR] LogOutputStream:74 - [STDERR_REDIRECT] 	at org.eclipse.swt.widgets.Display.sendEvent(Display.java:4243)
2022-11-18 14:41:23,340 [ERROR] LogOutputStream:74 - [STDERR_REDIRECT] 	at org.eclipse.swt.widgets.Widget.sendEvent(Widget.java:1063)
2022-11-18 14:41:23,341 [ERROR] LogOutputStream:74 - [STDERR_REDIRECT] 	at org.eclipse.swt.widgets.Display.runDeferredEvents(Display.java:4060)
2022-11-18 14:41:23,343 [ERROR] LogOutputStream:74 - [STDERR_REDIRECT] 	at org.eclipse.swt.widgets.Display.readAndDispatch(Display.java:3632)
2022-11-18 14:41:23,344 [ERROR] LogOutputStream:74 - [STDERR_REDIRECT] 	at org.eclipse.e4.ui.internal.workbench.swt.PartRenderingEngine$5.run(PartRenderingEngine.java:1155)
2022-11-18 14:41:23,346 [ERROR] LogOutputStream:74 - [STDERR_REDIRECT] 	at org.eclipse.core.databinding.observable.Realm.runWithDefault(Realm.java:338)
2022-11-18 14:41:23,347 [ERROR] LogOutputStream:74 - [STDERR_REDIRECT] 	at org.eclipse.e4.ui.internal.workbench.swt.PartRenderingEngine.run(PartRenderingEngine.java:1046)
2022-11-18 14:41:23,349 [ERROR] LogOutputStream:74 - [STDERR_REDIRECT] 	at org.eclipse.e4.ui.internal.workbench.E4Workbench.createAndRunUI(E4Workbench.java:155)
2022-11-18 14:41:23,350 [ERROR] LogOutputStream:74 - [STDERR_REDIRECT] 	at org.eclipse.ui.internal.Workbench.lambda$3(Workbench.java:644)
2022-11-18 14:41:23,352 [ERROR] LogOutputStream:74 - [STDERR_REDIRECT] 	at org.eclipse.core.databinding.observable.Realm.runWithDefault(Realm.java:338)
2022-11-18 14:41:23,353 [ERROR] LogOutputStream:74 - [STDERR_REDIRECT] 	at org.eclipse.ui.internal.Workbench.createAndRunWorkbench(Workbench.java:551)
2022-11-18 14:41:23,355 [ERROR] LogOutputStream:74 - [STDERR_REDIRECT] 	at org.eclipse.ui.PlatformUI.createAndRunWorkbench(PlatformUI.java:156)
2022-11-18 14:41:23,356 [ERROR] LogOutputStream:74 - [STDERR_REDIRECT] 	at org.eclipse.ui.internal.ide.application.IDEApplication.start(IDEApplication.java:152)
2022-11-18 14:41:23,358 [ERROR] LogOutputStream:74 - [STDERR_REDIRECT] 	at org.eclipse.equinox.internal.app.EclipseAppHandle.run(EclipseAppHandle.java:203)
2022-11-18 14:41:23,359 [ERROR] LogOutputStream:74 - [STDERR_REDIRECT] 	at org.eclipse.core.runtime.internal.adaptor.EclipseAppLauncher.runApplication(EclipseAppLauncher.java:136)
2022-11-18 14:41:23,361 [ERROR] LogOutputStream:74 - [STDERR_REDIRECT] 	at org.eclipse.core.runtime.internal.adaptor.EclipseAppLauncher.start(EclipseAppLauncher.java:104)
2022-11-18 14:41:23,362 [ERROR] LogOutputStream:74 - [STDERR_REDIRECT] 	at org.eclipse.core.runtime.adaptor.EclipseStarter.run(EclipseStarter.java:401)
2022-11-18 14:41:23,364 [ERROR] LogOutputStream:74 - [STDERR_REDIRECT] 	at org.eclipse.core.runtime.adaptor.EclipseStarter.run(EclipseStarter.java:255)
2022-11-18 14:41:23,365 [ERROR] LogOutputStream:74 - [STDERR_REDIRECT] 	at java.base/jdk.internal.reflect.NativeMethodAccessorImpl.invoke0(Native Method)
2022-11-18 14:41:23,367 [ERROR] LogOutputStream:74 - [STDERR_REDIRECT] 	at java.base/jdk.internal.reflect.NativeMethodAccessorImpl.invoke(NativeMethodAccessorImpl.java:62)
2022-11-18 14:41:23,368 [ERROR] LogOutputStream:74 - [STDERR_REDIRECT] 	at java.base/jdk.internal.reflect.DelegatingMethodAccessorImpl.invoke(DelegatingMethodAccessorImpl.java:43)
2022-11-18 14:41:23,370 [ERROR] LogOutputStream:74 - [STDERR_REDIRECT] 	at java.base/java.lang.reflect.Method.invoke(Method.java:566)
2022-11-18 14:41:23,371 [ERROR] LogOutputStream:74 - [STDERR_REDIRECT] 	at org.eclipse.equinox.launcher.Main.invokeFramework(Main.java:659)
2022-11-18 14:41:23,372 [ERROR] LogOutputStream:74 - [STDERR_REDIRECT] 	at org.eclipse.equinox.launcher.Main.basicRun(Main.java:596)
2022-11-18 14:41:23,373 [ERROR] LogOutputStream:74 - [STDERR_REDIRECT] 	at org.eclipse.equinox.launcher.Main.run(Main.java:1467)
2022-11-18 16:41:35,637 [INFO] Activator:177 - 


2022-11-18 16:41:35,638 [INFO] Activator:178 - !SESSION log4j initialized
